<?xml version="1.0" encoding="UTF-8"?>
<!-- Generated by org.testng.reporters.JUnitReportReporter -->
<testsuite hostname="TYSS-Yogita" failures="0" tests="1" name="test_Scripts.TestScript1" time="1.357" errors="0" timestamp="10 Feb 2022 11:56:39 GMT" skipped="0">
  <testcase classname="test_Scripts.TestScript1" name="testScript1" time="1.357"/>
</testsuite> <!-- test_Scripts.TestScript1 -->
